Arguments: 
  C:\Program Files\nodejs\node.exe C:\Users\Aulia-San\AppData\Roaming\npm\node_modules\yarn\bin\yarn.js

PATH: 
  C:\Python27\;C:\Python27\Scripts;C:\Python39\Scripts\;C:\Python39\;C:\Windows\system32;C:\Windows;C:\Windows\System32\Wbem;C:\Windows\System32\WindowsPowerShell\v1.0\;C:\Windows\System32\OpenSSH\;C:\Program Files\nodejs\;C:\ProgramData\chocolatey\bin;C:\Program Files\Git\cmd;C:\Program Files\Java\jdk1.8.0_211\bin;C:\Users\Aulia-San\AppData\Local\Microsoft\WindowsApps;C:\Users\Aulia-San\AppData\Roaming\npm;C:\Users\Aulia-San\AppData\Local\Programs\Microsoft VS Code\bin;C:\Program Files\heroku\bin

Yarn version: 
  1.22.10

Node version: 
  14.15.4

Platform: 
  win32 x64

Trace: 
  Error: https://registry.yarnpkg.com/date-fns/-/date-fns-2.19.0.tgz: ESOCKETTIMEDOUT
      at ClientRequest.<anonymous> (C:\Users\Aulia-San\AppData\Roaming\npm\node_modules\yarn\lib\cli.js:141289:19)
      at Object.onceWrapper (events.js:421:28)
      at ClientRequest.emit (events.js:315:20)
      at TLSSocket.emitRequestTimeout (_http_client.js:784:9)
      at Object.onceWrapper (events.js:421:28)
      at TLSSocket.emit (events.js:327:22)
      at TLSSocket.Socket._onTimeout (net.js:483:8)
      at listOnTimeout (internal/timers.js:554:17)
      at processTimers (internal/timers.js:497:7)

npm manifest: 
  {
    "name": "create-react-app-antd",
    "version": "0.1.0",
    "homepage": "https://we-iots.com/",
    "private": true,
    "dependencies": {
      "@ant-design/icons": "^4.5.0",
      "@craco/craco": "^5.6.4",
      "@testing-library/jest-dom": "^5.9.0",
      "@testing-library/react": "^10.2.1",
      "@testing-library/user-event": "^11.1.0",
      "antd": "^4.12.2",
      "axios": "^0.21.1",
      "craco-less": "^1.17.0",
      "moment": "^2.27.0",
      "rc-banner-anim": "^2.4.5",
      "rc-queue-anim": "^1.8.5",
      "rc-scroll-anim": "^2.7.6",
      "rc-texty": "^0.2.0",
      "rc-tween-one": "^2.7.3",
      "react": "^16.13.1",
      "react-cookie-consent": "^6.2.3",
      "react-dom": "^16.13.1",
      "react-responsive": "^8.2.0",
      "react-router-dom": "^5.2.0",
      "react-scripts": "3.4.3",
      "react-slick": "^0.28.0",
      "slick-carousel": "^1.8.1"
    },
    "scripts": {
      "start": "craco start",
      "build": "craco build",
      "test": "craco test"
    },
    "eslintConfig": {
      "extends": "react-app"
    },
    "browserslist": {
      "production": [
        ">0.2%",
        "not dead",
        "not op_mini all"
      ],
      "development": [
        "last 1 chrome version",
        "last 1 firefox version",
        "last 1 safari version"
      ]
    }
  }

yarn manifest: 
  No manifest

Lockfile: 
  No lockfile
